/usr/bin/ld: CMakeFiles/frames_publisher_node.dir/src/frames_publisher_node.cpp.o: in function `FramesPublisherNode::onPublish(ros::TimerEvent const&)':
frames_publisher_node.cpp:(.text._ZN19FramesPublisherNode9onPublishERKN3ros10TimerEventE[_ZN19FramesPublisherNode9onPublishERKN3ros10TimerEventE]+0x2a9): undefined reference to `FramesPublisherNode::br'
/usr/bin/ld: frames_publisher_node.cpp:(.text._ZN19FramesPublisherNode9onPublishERKN3ros10TimerEventE[_ZN19FramesPublisherNode9onPublishERKN3ros10TimerEventE]+0x2bf): undefined reference to `FramesPublisherNode::br'
collect2: error: ld returned 1 exit status
make[2]: *** [CMakeFiles/frames_publisher_node.dir/build.make:105: /home/liangkun/vnav_ws/devel/.private/two_drones_pkg/lib/two_drones_pkg/frames_publisher_node] Error 1
make[1]: *** [CMakeFiles/Makefile2:204: CMakeFiles/frames_publisher_node.dir/all] Error 2
make: *** [Makefile:141: all] Error 2
