[01m[K/home/liangkun/vnav_ws/src/two_drones_pkg/src/frames_publisher_node.cpp:13:15:[m[K [01;31m[Kerror: [m[Kâ€˜[01m[KTransformBroadcaster[m[Kâ€™ in namespace â€˜[01m[Kros[m[Kâ€™ does not name a type
   13 |   static ros::[01;31m[KTransformBroadcaster[m[K br;
      |               [01;31m[K^~~~~~~~~~~~~~~~~~~~[m[K
[01m[K/home/liangkun/vnav_ws/src/two_drones_pkg/src/frames_publisher_node.cpp:[m[K In member function â€˜[01m[Kvoid FramesPublisherNode::onPublish(const ros::TimerEvent&)[m[Kâ€™:
[01m[K/home/liangkun/vnav_ws/src/two_drones_pkg/src/frames_publisher_node.cpp:66:5:[m[K [01;31m[Kerror: [m[Kâ€˜[01m[KAv1World[m[Kâ€™ was not declared in this scope; did you mean â€˜[01m[KAV1World[m[Kâ€™?
   66 |     [01;31m[KAv1World[m[K.header.frame_id = "world";
      |     [01;31m[K^~~~~~~~[m[K
      |     [32m[KAV1World[m[K
[01m[K/home/liangkun/vnav_ws/src/two_drones_pkg/src/frames_publisher_node.cpp:79:5:[m[K [01;31m[Kerror: [m[Kâ€˜[01m[KAv2World[m[Kâ€™ was not declared in this scope; did you mean â€˜[01m[KAV2World[m[Kâ€™?
   79 |     [01;31m[KAv2World[m[K.header.frame_id = "world";
      |     [01;31m[K^~~~~~~~[m[K
      |     [32m[KAV2World[m[K
[01m[K/home/liangkun/vnav_ws/src/two_drones_pkg/src/frames_publisher_node.cpp:99:5:[m[K [01;31m[Kerror: [m[Kâ€˜[01m[Kbr[m[Kâ€™ was not declared in this scope; did you mean â€˜[01m[Kbrk[m[Kâ€™?
   99 |     [01;31m[Kbr[m[K.sendTransform(Av1World);
      |     [01;31m[K^~[m[K
      |     [32m[Kbrk[m[K
make[2]: *** [CMakeFiles/frames_publisher_node.dir/build.make:63: CMakeFiles/frames_publisher_node.dir/src/frames_publisher_node.cpp.o] Error 1
make[1]: *** [CMakeFiles/Makefile2:204: CMakeFiles/frames_publisher_node.dir/all] Error 2
make: *** [Makefile:141: all] Error 2
